{"name": "姓名边界值测试:63字符", "status": "broken", "statusDetails": {"message": "selenium.common.exceptions.TimeoutException: Message: \nStacktrace:\n#0 0x562b5fc50783 <unknown>\n#1 0x562b5f97c917 <unknown>\n#2 0x562b5f9bb31b <unknown>\n#3 0x562b5f9bb411 <unknown>\n#4 0x562b5f9f6674 <unknown>\n#5 0x562b5f9dbe2d <unknown>\n#6 0x562b5f9f40d9 <unknown>\n#7 0x562b5f9dbbd3 <unknown>\n#8 0x562b5f9afa7b <unknown>\n#9 0x562b5f9b081e <unknown>\n#10 0x562b5fc11e98 <unknown>\n#11 0x562b5fc15d67 <unknown>\n#12 0x562b5fc2032c <unknown>\n#13 0x562b5fc16993 <unknown>\n#14 0x562b5fbe5827 <unknown>\n#15 0x562b5fc3a8a8 <unknown>\n#16 0x562b5fc3aa36 <unknown>\n#17 0x562b5fc495f3 <unknown>\n#18 0x7f7543e01609 start_thread", "trace": "self = <test_create_member.TestCreateMember object at 0x1155f54c0>\nusername = '111111111111111111111111111111111111111111111111111111111111111'\nacctid = 'test14@qq.com', phone = '15650779714', email = 'test14@qq.com'\ndesc = '姓名边界值测试:63字符'\n\n    @allure.story(\"有效测试\")\n    @pytest.mark.parametrize(\"username, acctid, phone, email, desc\",\n                             OperateYaml.read_yaml(\"dates/mock_data.yaml\").get(\"qywx\").get(\"validCreate\"))\n    def test_create_member_4(self, username, acctid, phone, email, desc):\n        \"\"\"\n        登录\n        在首页点击添加成员\n        填写信息\n        点击保存并继续添加\n        \"\"\"\n        allure.dynamic.title(desc)\n>       names, emails, phones = self.home \\\n            .click_add_by_home() \\\n            .create_member_save_and_continue(username, acctid, phone, email) \\\n            .go_to_member_list() \\\n            .get_operate_results()\n\n用户端测试/L4/tests/member_management/test_create_member.py:117: \n_ _ _ _ _ _ _ _ _ _ _ _ _ _ _ _ _ _ _ _ _ _ _ _ _ _ _ _ _ _ _ _ _ _ _ _ _ _ _ _ \n用户端测试/L4/page_objects/home_page.py:18: in click_add_by_home\n    self.wait_element_until_click(self._ADD_MEMBER).click()\n用户端测试/L4/page_objects/base_page.py:73: in wait_element_until_click\n    return WebDriverWait(self.driver, 10).until(\n_ _ _ _ _ _ _ _ _ _ _ _ _ _ _ _ _ _ _ _ _ _ _ _ _ _ _ _ _ _ _ _ _ _ _ _ _ _ _ _ \n\nself = <selenium.webdriver.support.wait.WebDriverWait (session=\"ded1e74704788eeff0182bac137018a5\")>\nmethod = <function element_to_be_clickable.<locals>._predicate at 0x115788ee0>\nmessage = ''\n\n    def until(self, method, message: str = \"\"):\n        \"\"\"Calls the method provided with the driver as an argument until the \\\n        return value does not evaluate to ``False``.\n    \n        :param method: callable(WebDriver)\n        :param message: optional message for :exc:`TimeoutException`\n        :returns: the result of the last call to `method`\n        :raises: :exc:`selenium.common.exceptions.TimeoutException` if timeout occurs\n        \"\"\"\n        screen = None\n        stacktrace = None\n    \n        end_time = time.monotonic() + self._timeout\n        while True:\n            try:\n                value = method(self._driver)\n                if value:\n                    return value\n            except self._ignored_exceptions as exc:\n                screen = getattr(exc, 'screen', None)\n                stacktrace = getattr(exc, 'stacktrace', None)\n            time.sleep(self._poll)\n            if time.monotonic() > end_time:\n                break\n>       raise TimeoutException(message, screen, stacktrace)\nE       selenium.common.exceptions.TimeoutException: Message: \nE       Stacktrace:\nE       #0 0x562b5fc50783 <unknown>\nE       #1 0x562b5f97c917 <unknown>\nE       #2 0x562b5f9bb31b <unknown>\nE       #3 0x562b5f9bb411 <unknown>\nE       #4 0x562b5f9f6674 <unknown>\nE       #5 0x562b5f9dbe2d <unknown>\nE       #6 0x562b5f9f40d9 <unknown>\nE       #7 0x562b5f9dbbd3 <unknown>\nE       #8 0x562b5f9afa7b <unknown>\nE       #9 0x562b5f9b081e <unknown>\nE       #10 0x562b5fc11e98 <unknown>\nE       #11 0x562b5fc15d67 <unknown>\nE       #12 0x562b5fc2032c <unknown>\nE       #13 0x562b5fc16993 <unknown>\nE       #14 0x562b5fbe5827 <unknown>\nE       #15 0x562b5fc3a8a8 <unknown>\nE       #16 0x562b5fc3aa36 <unknown>\nE       #17 0x562b5fc495f3 <unknown>\nE       #18 0x7f7543e01609 start_thread\n\n/Library/Frameworks/Python.framework/Versions/3.8/lib/python3.8/site-packages/selenium/webdriver/support/wait.py:90: TimeoutException"}, "description": "\n        登录\n        在首页点击添加成员\n        填写信息\n        点击保存并继续添加\n        ", "steps": [{"name": "在首页,点击添加成员", "status": "broken", "statusDetails": {"message": "selenium.common.exceptions.TimeoutException: Message: \nStacktrace:\n#0 0x562b5fc50783 <unknown>\n#1 0x562b5f97c917 <unknown>\n#2 0x562b5f9bb31b <unknown>\n#3 0x562b5f9bb411 <unknown>\n#4 0x562b5f9f6674 <unknown>\n#5 0x562b5f9dbe2d <unknown>\n#6 0x562b5f9f40d9 <unknown>\n#7 0x562b5f9dbbd3 <unknown>\n#8 0x562b5f9afa7b <unknown>\n#9 0x562b5f9b081e <unknown>\n#10 0x562b5fc11e98 <unknown>\n#11 0x562b5fc15d67 <unknown>\n#12 0x562b5fc2032c <unknown>\n#13 0x562b5fc16993 <unknown>\n#14 0x562b5fbe5827 <unknown>\n#15 0x562b5fc3a8a8 <unknown>\n#16 0x562b5fc3aa36 <unknown>\n#17 0x562b5fc495f3 <unknown>\n#18 0x7f7543e01609 start_thread\n\n", "trace": "  File \"/Users/zhangyarong/zhangyarong/student_management_system/用户端测试/L4/page_objects/home_page.py\", line 18, in click_add_by_home\n    self.wait_element_until_click(self._ADD_MEMBER).click()\n  File \"/Users/zhangyarong/zhangyarong/student_management_system/用户端测试/L4/page_objects/base_page.py\", line 73, in wait_element_until_click\n    return WebDriverWait(self.driver, 10).until(\n  File \"/Library/Frameworks/Python.framework/Versions/3.8/lib/python3.8/site-packages/selenium/webdriver/support/wait.py\", line 90, in until\n    raise TimeoutException(message, screen, stacktrace)\n"}, "start": 1692170291878, "stop": 1692170305571}], "parameters": [{"name": "username", "value": "'111111111111111111111111111111111111111111111111111111111111111'"}, {"name": "acctid", "value": "'test14@qq.com'"}, {"name": "phone", "value": "'15650779714'"}, {"name": "email", "value": "'test14@qq.com'"}, {"name": "desc", "value": "'姓名边界值测试:63字符'"}], "start": 1692170291878, "stop": 1692170305571, "uuid": "6b467088-cf6c-4a09-a7b4-974f04d6be62", "historyId": "4af3476b30ac620b39079ab5ee886809", "testCaseId": "08103fb00c6b47df0a5a5567f4f9865e", "fullName": "ç¨æ·ç«¯æµè¯.L4.tests.member_management.test_create_member.TestCreateMember#test_create_member_4", "labels": [{"name": "story", "value": "有效测试"}, {"name": "epic", "value": "通讯录管理"}, {"name": "feature", "value": "创建通讯录成员"}, {"name": "parentSuite", "value": "ç¨æ·ç«¯æµè¯.L4.tests.member_management"}, {"name": "suite", "value": "test_create_member"}, {"name": "subSuite", "value": "TestCreateMember"}, {"name": "host", "value": "Z-melody.local"}, {"name": "thread", "value": "19150-MainThread"}, {"name": "framework", "value": "pytest"}, {"name": "language", "value": "cpython3"}, {"name": "package", "value": "ç¨æ·ç«¯æµè¯.L4.tests.member_management.test_create_member"}]}