{"name": "手机号输入规则不正确位数", "status": "broken", "statusDetails": {"message": "selenium.common.exceptions.NoSuchElementException: Message: no such element: Unable to locate element: {\"method\":\"css selector\",\"selector\":\"#memberAdd_phone~.ww_inputWithTips_tips\"}\n  (Session info: chrome=115.0.5790.170); For documentation on this error, please visit: https://www.selenium.dev/documentation/webdriver/troubleshooting/errors#no-such-element-exception\nStacktrace:\n0   chromedriver                        0x00000001031daa6c chromedriver + 4303468\n1   chromedriver                        0x00000001031d3198 chromedriver + 4272536\n2   chromedriver                        0x0000000102e07594 chromedriver + 292244\n3   chromedriver                        0x0000000102e448fc chromedriver + 542972\n4   chromedriver                        0x0000000102e7d628 chromedriver + 775720\n5   chromedriver                        0x0000000102e38b40 chromedriver + 494400\n6   chromedriver                        0x0000000102e39988 chromedriver + 498056\n7   chromedriver                        0x000000010319b924 chromedriver + 4045092\n8   chromedriver                        0x000000010319fe68 chromedriver + 4062824\n9   chromedriver                        0x00000001031a6088 chromedriver + 4087944\n10  chromedriver                        0x00000001031a096c chromedriver + 4065644\n11  chromedriver                        0x0000000103178e64 chromedriver + 3903076\n12  chromedriver                        0x00000001031bc55c chromedriver + 4179292\n13  chromedriver                        0x00000001031bc6b4 chromedriver + 4179636\n14  chromedriver                        0x00000001031cc978 chromedriver + 4245880\n15  libsystem_pthread.dylib             0x000000018285826c _pthread_start + 148\n16  libsystem_pthread.dylib             0x000000018285308c thread_start + 8", "trace": "self = <test_create_member.TestCreateMember object at 0x101f3f9d0>, invalid_type = 'invalidPhone', username = 'test', acctid = 'test13@qq.com', phone = '1565077980'\nemail = 'test13@qq.com', excepted = '请填写正确的手机号码', desc = '手机号输入规则不正确位数'\n\n    @allure.story(\"无效测试\")\n    @pytest.mark.parametrize(\"invalid_type, username, acctid, phone, email, excepted, desc\",\n                             OperateYaml.read_yaml(\"dates/mock_data.yaml\").get(\"qywx\").get(\"invalidCreate\"))\n    def test_invalid_create_member(self, invalid_type, username, acctid, phone, email, excepted, desc):\n        allure.dynamic.title(desc)\n        # if invalid_type == \"invalidUsername\":\n        #     result = self.home \\\n        #         .click_add_by_home() \\\n        #         .create_member_invalid_username(username, acctid, phone, email)\n        # if invalid_type == \"invalidAcctid\":\n        #     result = self.home \\\n        #         .click_add_by_home() \\\n        #         .create_member_invalid_acctid(username, acctid, phone, email)\n        if invalid_type == \"invalidPhone\":\n            result = self.home \\\n                .click_add_by_home() \\\n>               .create_member_invalid_phone(username, acctid, phone, email)\n\n用户端测试/L3/tests/member_management/test_create_member.py:140: \n_ _ _ _ _ _ _ _ _ _ _ _ _ _ _ _ _ _ _ _ _ _ _ _ _ _ _ _ _ _ _ _ _ _ _ _ _ _ _ _ _ _ _ _ _ _ _ _ _ _ _ _ _ _ _ _ _ _ _ _ _ _ _ _ _ _ _ _ _ _ _ _ _ _ _ _ _ _ _ _ _ _ _ _ _ _ _ _ _ _ _\n用户端测试/L3/page_objects/create_member_page.py:110: in create_member_invalid_phone\n    tip_text = self.do_find(self._INVALID_PHONE_TIP).text\n用户端测试/L3/page_objects/base_page.py:30: in do_find\n    return self.driver.find_element(*by)\n/Library/Frameworks/Python.framework/Versions/3.10/lib/python3.10/site-packages/selenium/webdriver/remote/webdriver.py:739: in find_element\n    return self.execute(Command.FIND_ELEMENT, {\"using\": by, \"value\": value})[\"value\"]\n/Library/Frameworks/Python.framework/Versions/3.10/lib/python3.10/site-packages/selenium/webdriver/remote/webdriver.py:345: in execute\n    self.error_handler.check_response(response)\n_ _ _ _ _ _ _ _ _ _ _ _ _ _ _ _ _ _ _ _ _ _ _ _ _ _ _ _ _ _ _ _ _ _ _ _ _ _ _ _ _ _ _ _ _ _ _ _ _ _ _ _ _ _ _ _ _ _ _ _ _ _ _ _ _ _ _ _ _ _ _ _ _ _ _ _ _ _ _ _ _ _ _ _ _ _ _ _ _ _ _\n\nself = <selenium.webdriver.remote.errorhandler.ErrorHandler object at 0x101f3ebf0>\nresponse = {'status': 404, 'value': '{\"value\":{\"error\":\"no such element\",\"message\":\"no such element: Unable to locate element: {\\...00018285826c _pthread_start + 148\\\\n16  libsystem_pthread.dylib             0x000000018285308c thread_start + 8\\\\n\"}}'}\n\n    def check_response(self, response: Dict[str, Any]) -> None:\n        \"\"\"Checks that a JSON response from the WebDriver does not have an\n        error.\n    \n        :Args:\n         - response - The JSON response from the WebDriver server as a dictionary\n           object.\n    \n        :Raises: If the response contains an error message.\n        \"\"\"\n        status = response.get(\"status\", None)\n        if not status or status == ErrorCode.SUCCESS:\n            return\n        value = None\n        message = response.get(\"message\", \"\")\n        screen: str = response.get(\"screen\", \"\")\n        stacktrace = None\n        if isinstance(status, int):\n            value_json = response.get(\"value\", None)\n            if value_json and isinstance(value_json, str):\n                import json\n    \n                try:\n                    value = json.loads(value_json)\n                    if len(value) == 1:\n                        value = value[\"value\"]\n                    status = value.get(\"error\", None)\n                    if not status:\n                        status = value.get(\"status\", ErrorCode.UNKNOWN_ERROR)\n                        message = value.get(\"value\") or value.get(\"message\")\n                        if not isinstance(message, str):\n                            value = message\n                            message = message.get(\"message\")\n                    else:\n                        message = value.get(\"message\", None)\n                except ValueError:\n                    pass\n    \n        exception_class: Type[WebDriverException]\n        e = ErrorCode()\n        error_codes = [item for item in dir(e) if not item.startswith(\"__\")]\n        for error_code in error_codes:\n            error_info = getattr(ErrorCode, error_code)\n            if isinstance(error_info, list) and status in error_info:\n                exception_class = getattr(ExceptionMapping, error_code, WebDriverException)\n                break\n        else:\n            exception_class = WebDriverException\n    \n        if not value:\n            value = response[\"value\"]\n        if isinstance(value, str):\n            raise exception_class(value)\n        if message == \"\" and \"message\" in value:\n            message = value[\"message\"]\n    \n        screen = None  # type: ignore[assignment]\n        if \"screen\" in value:\n            screen = value[\"screen\"]\n    \n        stacktrace = None\n        st_value = value.get(\"stackTrace\") or value.get(\"stacktrace\")\n        if st_value:\n            if isinstance(st_value, str):\n                stacktrace = st_value.split(\"\\n\")\n            else:\n                stacktrace = []\n                try:\n                    for frame in st_value:\n                        line = frame.get(\"lineNumber\", \"\")\n                        file = frame.get(\"fileName\", \"<anonymous>\")\n                        if line:\n                            file = f\"{file}:{line}\"\n                        meth = frame.get(\"methodName\", \"<anonymous>\")\n                        if \"className\" in frame:\n                            meth = f\"{frame['className']}.{meth}\"\n                        msg = \"    at %s (%s)\"\n                        msg = msg % (meth, file)\n                        stacktrace.append(msg)\n                except TypeError:\n                    pass\n        if exception_class == UnexpectedAlertPresentException:\n            alert_text = None\n            if \"data\" in value:\n                alert_text = value[\"data\"].get(\"text\")\n            elif \"alert\" in value:\n                alert_text = value[\"alert\"].get(\"text\")\n            raise exception_class(message, screen, stacktrace, alert_text)  # type: ignore[call-arg]  # mypy is not smart enough here\n>       raise exception_class(message, screen, stacktrace)\nE       selenium.common.exceptions.NoSuchElementException: Message: no such element: Unable to locate element: {\"method\":\"css selector\",\"selector\":\"#memberAdd_phone~.ww_inputWithTips_tips\"}\nE         (Session info: chrome=115.0.5790.170); For documentation on this error, please visit: https://www.selenium.dev/documentation/webdriver/troubleshooting/errors#no-such-element-exception\nE       Stacktrace:\nE       0   chromedriver                        0x00000001031daa6c chromedriver + 4303468\nE       1   chromedriver                        0x00000001031d3198 chromedriver + 4272536\nE       2   chromedriver                        0x0000000102e07594 chromedriver + 292244\nE       3   chromedriver                        0x0000000102e448fc chromedriver + 542972\nE       4   chromedriver                        0x0000000102e7d628 chromedriver + 775720\nE       5   chromedriver                        0x0000000102e38b40 chromedriver + 494400\nE       6   chromedriver                        0x0000000102e39988 chromedriver + 498056\nE       7   chromedriver                        0x000000010319b924 chromedriver + 4045092\nE       8   chromedriver                        0x000000010319fe68 chromedriver + 4062824\nE       9   chromedriver                        0x00000001031a6088 chromedriver + 4087944\nE       10  chromedriver                        0x00000001031a096c chromedriver + 4065644\nE       11  chromedriver                        0x0000000103178e64 chromedriver + 3903076\nE       12  chromedriver                        0x00000001031bc55c chromedriver + 4179292\nE       13  chromedriver                        0x00000001031bc6b4 chromedriver + 4179636\nE       14  chromedriver                        0x00000001031cc978 chromedriver + 4245880\nE       15  libsystem_pthread.dylib             0x000000018285826c _pthread_start + 148\nE       16  libsystem_pthread.dylib             0x000000018285308c thread_start + 8\n\n/Library/Frameworks/Python.framework/Versions/3.10/lib/python3.10/site-packages/selenium/webdriver/remote/errorhandler.py:229: NoSuchElementException"}, "steps": [{"name": "在首页,点击添加成员", "status": "passed", "start": 1691835135823, "stop": 1691835138901}, {"name": "无效手机号测试,1565077980", "status": "broken", "statusDetails": {"message": "selenium.common.exceptions.NoSuchElementException: Message: no such element: Unable to locate element: {\"method\":\"css selector\",\"selector\":\"#memberAdd_phone~.ww_inputWithTips_tips\"}\n  (Session info: chrome=115.0.5790.170); For documentation on this error, please visit: https://www.selenium.dev/documentation/webdriver/troubleshooting/errors#no-such-element-exception\nStacktrace:\n0   chromedriver                        0x00000001031daa6c chromedriver + 4303468\n1   chromedriver                        0x00000001031d3198 chromedriver + 4272536\n2   chromedriver                        0x0000000102e07594 chromedriver + 292244\n3   chromedriver                        0x0000000102e448fc chromedriver + 542972\n4   chromedriver                        0x0000000102e7d628 chromedriver + 775720\n5   chromedriver                        0x0000000102e38b40 chromedriver + 494400\n6   chromedriver                        0x0000000102e39988 chromedriver + 498056\n7   chromedriver                        0x000000010319b924 chromedriver + 4045092\n8   chromedriver                        0x000000010319fe68 chromedriver + 4062824\n9   chromedriver                        0x00000001031a6088 chromedriver + 4087944\n10  chromedriver                        0x00000001031a096c chromedriver + 4065644\n11  chromedriver                        0x0000000103178e64 chromedriver + 3903076\n12  chromedriver                        0x00000001031bc55c chromedriver + 4179292\n13  chromedriver                        0x00000001031bc6b4 chromedriver + 4179636\n14  chromedriver                        0x00000001031cc978 chromedriver + 4245880\n15  libsystem_pthread.dylib             0x000000018285826c _pthread_start + 148\n16  libsystem_pthread.dylib             0x000000018285308c thread_start + 8\n\n", "trace": "  File \"/Users/zhangyarong/Documents/project/student_management_system/用户端测试/L3/page_objects/create_member_page.py\", line 110, in create_member_invalid_phone\n    tip_text = self.do_find(self._INVALID_PHONE_TIP).text\n  File \"/Users/zhangyarong/Documents/project/student_management_system/用户端测试/L3/page_objects/base_page.py\", line 30, in do_find\n    return self.driver.find_element(*by)\n  File \"/Library/Frameworks/Python.framework/Versions/3.10/lib/python3.10/site-packages/selenium/webdriver/remote/webdriver.py\", line 739, in find_element\n    return self.execute(Command.FIND_ELEMENT, {\"using\": by, \"value\": value})[\"value\"]\n  File \"/Library/Frameworks/Python.framework/Versions/3.10/lib/python3.10/site-packages/selenium/webdriver/remote/webdriver.py\", line 345, in execute\n    self.error_handler.check_response(response)\n  File \"/Library/Frameworks/Python.framework/Versions/3.10/lib/python3.10/site-packages/selenium/webdriver/remote/errorhandler.py\", line 229, in check_response\n    raise exception_class(message, screen, stacktrace)\n"}, "start": 1691835138901, "stop": 1691835142544}], "attachments": [{"name": "log", "source": "cf5e1f4b-5dbf-4811-b356-9e9a4ea2aa9d-attachment.txt", "type": "text/plain"}, {"name": "stderr", "source": "fd2ebcd6-5ba5-45fa-aa3f-3412ca0ad00a-attachment.txt", "type": "text/plain"}], "parameters": [{"name": "invalid_type", "value": "'invalidPhone'"}, {"name": "username", "value": "'test'"}, {"name": "acctid", "value": "'test13@qq.com'"}, {"name": "phone", "value": "'1565077980'"}, {"name": "email", "value": "'test13@qq.com'"}, {"name": "excepted", "value": "'请填写正确的手机号码'"}, {"name": "desc", "value": "'手机号输入规则不正确位数'"}], "start": 1691835135823, "stop": 1691835142548, "uuid": "3bd4ff2f-cca0-459b-b98a-9cb0355b6954", "historyId": "dcacf18d530109376333bbcd2b987d7e", "testCaseId": "a8220e53b3fdb36ee9836611cf380c73", "fullName": "ç¨æ·ç«¯æµè¯.L3.tests.member_management.test_create_member.TestCreateMember#test_invalid_create_member", "labels": [{"name": "feature", "value": "创建通讯录成员"}, {"name": "epic", "value": "通讯录管理"}, {"name": "story", "value": "无效测试"}, {"name": "parentSuite", "value": "ç¨æ·ç«¯æµè¯.L3.tests.member_management"}, {"name": "suite", "value": "test_create_member"}, {"name": "subSuite", "value": "TestCreateMember"}, {"name": "host", "value": "zhangyarongdeMacBook-Pro-2.local"}, {"name": "thread", "value": "76347-MainThread"}, {"name": "framework", "value": "pytest"}, {"name": "language", "value": "cpython3"}, {"name": "package", "value": "ç¨æ·ç«¯æµè¯.L3.tests.member_management.test_create_member"}]}